<?xml version="1.0" encoding="UTF-8"?>
<testng-results ignored="0" total="2" passed="2" failed="0" skipped="0">
  <reporter-output>
  </reporter-output>
  <suite started-at="2022-09-06T13:38:29 IST" name="Default suite" finished-at="2022-09-06T13:44:00 IST" duration-ms="330963">
    <groups>
      <group name="cucumber">
        <method signature="AbstractTestNGCucumberTests.runScenario(io.cucumber.testng.PickleWrapper,io.cucumber.testng.FeatureWrapper)[pri:0, instance:testRunner.TestRunner@233795b6]" name="runScenario" class="io.cucumber.testng.AbstractTestNGCucumberTests"/>
      </group> <!-- cucumber -->
    </groups>
    <test started-at="2022-09-06T13:38:29 IST" name="Default test" finished-at="2022-09-06T13:44:00 IST" duration-ms="330963">
      <class name="testRunner.TestRunner">
        <test-method is-config="true" signature="setUpClass(org.testng.ITestContext)[pri:0, instance:testRunner.TestRunner@233795b6]" started-at="2022-09-06T13:38:29 IST" name="setUpClass" finished-at="2022-09-06T13:38:30 IST" duration-ms="1723" status="PASS">
          <params>
            <param index="0">
              <value>
                <![CDATA[org.testng.TestRunner@7e4d2287]]>
              </value>
            </param>
          </params>
          <reporter-output>
          </reporter-output>
        </test-method> <!-- setUpClass -->
        <test-method signature="runScenario(io.cucumber.testng.PickleWrapper,io.cucumber.testng.FeatureWrapper)[pri:0, instance:testRunner.TestRunner@233795b6]" started-at="2022-09-06T13:38:30 IST" name="runScenario" description="Runs Cucumber Scenarios" data-provider="scenarios" finished-at="2022-09-06T13:43:59 IST" duration-ms="328615" status="PASS">
          <params>
            <param index="0">
              <value>
                <![CDATA["Search Item Filter By Price"]]>
              </value>
            </param>
            <param index="1">
              <value>
                <![CDATA["Price Filter"]]>
              </value>
            </param>
          </params>
          <reporter-output>
          </reporter-output>
        </test-method> <!-- runScenario -->
        <test-method signature="runScenario(io.cucumber.testng.PickleWrapper,io.cucumber.testng.FeatureWrapper)[pri:0, instance:testRunner.TestRunner@233795b6]" started-at="2022-09-06T13:38:30 IST" name="runScenario" description="Runs Cucumber Scenarios" data-provider="scenarios" finished-at="2022-09-06T13:39:01 IST" duration-ms="30816" status="PASS">
          <params>
            <param index="0">
              <value>
                <![CDATA["Item read more functionality"]]>
              </value>
            </param>
            <param index="1">
              <value>
                <![CDATA["Item shop sale functionality"]]>
              </value>
            </param>
          </params>
          <reporter-output>
          </reporter-output>
        </test-method> <!-- runScenario -->
        <test-method is-config="true" signature="tearDownClass()[pri:0, instance:testRunner.TestRunner@233795b6]" started-at="2022-09-06T13:43:59 IST" name="tearDownClass" finished-at="2022-09-06T13:44:00 IST" duration-ms="528" status="PASS">
          <reporter-output>
          </reporter-output>
        </test-method> <!-- tearDownClass -->
      </class> <!-- testRunner.TestRunner -->
    </test> <!-- Default test -->
  </suite> <!-- Default suite -->
</testng-results>
